================================================================================
HAPPYGENE Quick Performance Profile
================================================================================

[1/3] Profiling 1000×50×100 (baseline)...
  Time: 19.864s, Ops/sec: 251718
[2/3] Profiling 1000×50×100 (with regulation)...
  Time: 26.492s, Ops/sec: 188740
[3/3] Profiling 2000×100×100 (baseline)...
  Time: 79.035s, Ops/sec: 253052

================================================================================
Scenario: 1000×50×100
================================================================================
Total time:      19.864s
Ops/sec:         251718

Phase Breakdown:
  Phase              Total (s)   % of total   Mean/gen (ms)
  ────────────────────────────────────────────────────────
  Expression             3.325        16.7%          33.248
  Selection              2.867        14.4%          28.666
  Mutation              13.670        68.8%         136.703
  Update                 0.000         0.0%           0.001

================================================================================
Scenario: 1000×50×100 +reg
================================================================================
Total time:      26.492s
Ops/sec:         188740

Phase Breakdown:
  Phase              Total (s)   % of total   Mean/gen (ms)
  ────────────────────────────────────────────────────────
  Expression            13.025        49.2%         130.250
  Selection              2.454         9.3%          24.538
  Mutation              11.011        41.6%         110.115
  Update                 0.000         0.0%           0.001

================================================================================
Scenario: 2000×100×100
================================================================================
Total time:      79.035s
Ops/sec:         253052

Phase Breakdown:
  Phase              Total (s)   % of total   Mean/gen (ms)
  ────────────────────────────────────────────────────────
  Expression            13.556        17.2%         135.560
  Selection             11.604        14.7%         116.037
  Mutation              53.844        68.1%         538.440
  Update                 0.000         0.0%           0.001

================================================================================
Regulation Overhead Analysis
================================================================================
Baseline (1000×50×100):      19.864s
With regulation:             26.492s
Absolute overhead:           +6.628s
Relative overhead:           +33.4%
